<?xml version="1.0" encoding="UTF-8"?>
<coverage generated="1669744647841" clover="3.2.0">
  <project timestamp="1669744647842" name="All files">
    <metrics statements="83" coveredstatements="78" conditionals="22" coveredconditionals="22" methods="26" coveredmethods="21" elements="131" coveredelements="121" complexity="0" loc="83" ncloc="83" packages="2" files="5" classes="5"/>
    <package name="src">
      <metrics statements="81" coveredstatements="76" conditionals="22" coveredconditionals="22" methods="26" coveredmethods="21"/>
      <file name="UpdatesTypes.ts" path="H:\git\versioning\src\UpdatesTypes.ts">
        <metrics statements="4" coveredstatements="4" conditionals="2" coveredconditionals="2" methods="1" coveredmethods="1"/>
        <line num="4" count="2" type="cond" truecount="2" falsecount="0"/>
        <line num="5" count="2" type="stmt"/>
        <line num="6" count="2" type="stmt"/>
        <line num="7" count="2" type="stmt"/>
      </file>
      <file name="Version.ts" path="H:\git\versioning\src\Version.ts">
        <metrics statements="68" coveredstatements="63" conditionals="19" coveredconditionals="19" methods="23" coveredmethods="18"/>
        <line num="3" count="2" type="stmt"/>
        <line num="5" count="2" type="stmt"/>
        <line num="6" count="2" type="stmt"/>
        <line num="14" count="2" type="stmt"/>
        <line num="15" count="46" type="stmt"/>
        <line num="16" count="46" type="stmt"/>
        <line num="17" count="46" type="stmt"/>
        <line num="18" count="46" type="stmt"/>
        <line num="19" count="46" type="stmt"/>
        <line num="36" count="46" type="stmt"/>
        <line num="37" count="46" type="stmt"/>
        <line num="38" count="46" type="stmt"/>
        <line num="39" count="46" type="cond" truecount="2" falsecount="0"/>
        <line num="40" count="46" type="cond" truecount="2" falsecount="0"/>
        <line num="42" count="46" type="stmt"/>
        <line num="43" count="34" type="stmt"/>
        <line num="46" count="46" type="stmt"/>
        <line num="47" count="31" type="stmt"/>
        <line num="50" count="46" type="stmt"/>
        <line num="51" count="28" type="stmt"/>
        <line num="54" count="46" type="stmt"/>
        <line num="55" count="21" type="stmt"/>
        <line num="58" count="46" type="stmt"/>
        <line num="59" count="21" type="stmt"/>
        <line num="70" count="0" type="stmt"/>
        <line num="79" count="0" type="stmt"/>
        <line num="88" count="0" type="stmt"/>
        <line num="97" count="0" type="stmt"/>
        <line num="106" count="0" type="stmt"/>
        <line num="111" count="11" type="stmt"/>
        <line num="112" count="11" type="stmt"/>
        <line num="113" count="11" type="stmt"/>
        <line num="118" count="3" type="stmt"/>
        <line num="119" count="3" type="stmt"/>
        <line num="124" count="3" type="stmt"/>
        <line num="132" count="9" type="cond" truecount="1" falsecount="0"/>
        <line num="133" count="1" type="stmt"/>
        <line num="136" count="8" type="stmt"/>
        <line num="141" count="13" type="stmt"/>
        <line num="149" count="9" type="cond" truecount="1" falsecount="0"/>
        <line num="150" count="1" type="stmt"/>
        <line num="153" count="8" type="stmt"/>
        <line num="158" count="13" type="stmt"/>
        <line num="163" count="7" type="stmt"/>
        <line num="165" count="7" type="cond" truecount="1" falsecount="0"/>
        <line num="166" count="7" type="cond" truecount="1" falsecount="0"/>
        <line num="168" count="7" type="stmt"/>
        <line num="180" count="3" type="stmt"/>
        <line num="181" count="3" type="stmt"/>
        <line num="183" count="3" type="cond" truecount="1" falsecount="0"/>
        <line num="184" count="1" type="stmt"/>
        <line num="189" count="2" type="stmt"/>
        <line num="191" count="2" type="stmt"/>
        <line num="202" count="2" type="stmt"/>
        <line num="213" count="1" type="stmt"/>
        <line num="222" count="14" type="cond" truecount="3" falsecount="0"/>
        <line num="224" count="10" type="stmt"/>
        <line num="225" count="10" type="stmt"/>
        <line num="227" count="2" type="stmt"/>
        <line num="228" count="2" type="stmt"/>
        <line num="230" count="2" type="stmt"/>
        <line num="231" count="2" type="stmt"/>
        <line num="234" count="14" type="cond" truecount="2" falsecount="0"/>
        <line num="235" count="2" type="stmt"/>
        <line num="237" count="12" type="stmt"/>
        <line num="240" count="14" type="cond" truecount="2" falsecount="0"/>
        <line num="241" count="2" type="stmt"/>
        <line num="243" count="12" type="stmt"/>
      </file>
      <file name="VersionManager.ts" path="H:\git\versioning\src\VersionManager.ts">
        <metrics statements="4" coveredstatements="4" conditionals="1" coveredconditionals="1" methods="2" coveredmethods="2"/>
        <line num="11" count="2" type="stmt"/>
        <line num="24" count="8" type="cond" truecount="1" falsecount="0"/>
        <line num="25" count="7" type="stmt"/>
        <line num="36" count="7" type="stmt"/>
      </file>
      <file name="index.ts" path="H:\git\versioning\src\index.ts">
        <metrics statements="5" coveredstatements="5" conditionals="0" coveredconditionals="0" methods="0" coveredmethods="0"/>
        <line num="1" count="2" type="stmt"/>
        <line num="2" count="2" type="stmt"/>
        <line num="3" count="2" type="stmt"/>
        <line num="4" count="2" type="stmt"/>
        <line num="5" count="2" type="stmt"/>
      </file>
    </package>
    <package name="src.interfaces">
      <metrics statements="2" coveredstatements="2" conditionals="0" coveredconditionals="0" methods="0" coveredmethods="0"/>
      <file name="index.ts" path="H:\git\versioning\src\interfaces\index.ts">
        <metrics statements="2" coveredstatements="2" conditionals="0" coveredconditionals="0" methods="0" coveredmethods="0"/>
        <line num="1" count="2" type="stmt"/>
        <line num="2" count="2" type="stmt"/>
      </file>
    </package>
  </project>
</coverage>
