{"H:\\git\\versioning\\src\\Version.ts": {"path":"H:\\git\\versioning\\src\\Version.ts","statementMap":{"0":{"start":{"line":3,"column":42},"end":{"line":3,"column":56}},"1":{"start":{"line":78,"column":4},"end":{"line":78,"column":24}},"2":{"start":{"line":79,"column":4},"end":{"line":79,"column":24}},"3":{"start":{"line":80,"column":4},"end":{"line":80,"column":24}},"4":{"start":{"line":81,"column":4},"end":{"line":81,"column":34}},"5":{"start":{"line":82,"column":4},"end":{"line":82,"column":24}},"6":{"start":{"line":24,"column":4},"end":{"line":24,"column":23}},"7":{"start":{"line":33,"column":4},"end":{"line":33,"column":23}},"8":{"start":{"line":42,"column":4},"end":{"line":42,"column":23}},"9":{"start":{"line":51,"column":4},"end":{"line":51,"column":28}},"10":{"start":{"line":60,"column":4},"end":{"line":60,"column":23}},"11":{"start":{"line":87,"column":4},"end":{"line":87,"column":18}},"12":{"start":{"line":88,"column":4},"end":{"line":88,"column":20}},"13":{"start":{"line":89,"column":4},"end":{"line":89,"column":20}},"14":{"start":{"line":94,"column":4},"end":{"line":94,"column":18}},"15":{"start":{"line":95,"column":4},"end":{"line":95,"column":20}},"16":{"start":{"line":100,"column":4},"end":{"line":100,"column":18}},"17":{"start":{"line":108,"column":4},"end":{"line":111,"column":8}},"18":{"start":{"line":109,"column":6},"end":{"line":111,"column":8}},"19":{"start":{"line":112,"column":4},"end":{"line":112,"column":34}},"20":{"start":{"line":117,"column":4},"end":{"line":117,"column":28}},"21":{"start":{"line":125,"column":4},"end":{"line":128,"column":8}},"22":{"start":{"line":126,"column":6},"end":{"line":128,"column":8}},"23":{"start":{"line":129,"column":4},"end":{"line":129,"column":24}},"24":{"start":{"line":134,"column":4},"end":{"line":134,"column":23}},"25":{"start":{"line":139,"column":18},"end":{"line":139,"column":64}},"26":{"start":{"line":141,"column":4},"end":{"line":141,"column":60}},"27":{"start":{"line":141,"column":26},"end":{"line":141,"column":60}},"28":{"start":{"line":142,"column":4},"end":{"line":142,"column":50}},"29":{"start":{"line":142,"column":21},"end":{"line":142,"column":50}},"30":{"start":{"line":144,"column":4},"end":{"line":144,"column":19}},"31":{"start":{"line":156,"column":6},"end":{"line":156,"column":73}},"32":{"start":{"line":157,"column":18},"end":{"line":157,"column":47}},"33":{"start":{"line":159,"column":4},"end":{"line":163,"column":null}},"34":{"start":{"line":160,"column":6},"end":{"line":162,"column":8}},"35":{"start":{"line":165,"column":56},"end":{"line":165,"column":69}},"36":{"start":{"line":167,"column":4},"end":{"line":173,"column":6}},"37":{"start":{"line":178,"column":4},"end":{"line":178,"column":27}},"38":{"start":{"line":189,"column":4},"end":{"line":189,"column":37}},"39":{"start":{"line":11,"column":0},"end":{"line":11,"column":13}}},"fnMap":{"0":{"name":"(anonymous_0)","decl":{"start":{"line":71,"column":2},"end":{"line":71,"column":null}},"loc":{"start":{"line":76,"column":24},"end":{"line":83,"column":3}}},"1":{"name":"(anonymous_1)","decl":{"start":{"line":23,"column":2},"end":{"line":23,"column":6}},"loc":{"start":{"line":23,"column":11},"end":{"line":25,"column":3}}},"2":{"name":"(anonymous_2)","decl":{"start":{"line":32,"column":2},"end":{"line":32,"column":6}},"loc":{"start":{"line":32,"column":11},"end":{"line":34,"column":3}}},"3":{"name":"(anonymous_3)","decl":{"start":{"line":41,"column":2},"end":{"line":41,"column":6}},"loc":{"start":{"line":41,"column":11},"end":{"line":43,"column":3}}},"4":{"name":"(anonymous_4)","decl":{"start":{"line":50,"column":2},"end":{"line":50,"column":6}},"loc":{"start":{"line":50,"column":16},"end":{"line":52,"column":3}}},"5":{"name":"(anonymous_5)","decl":{"start":{"line":59,"column":2},"end":{"line":59,"column":6}},"loc":{"start":{"line":59,"column":11},"end":{"line":61,"column":3}}},"6":{"name":"(anonymous_6)","decl":{"start":{"line":86,"column":2},"end":{"line":86,"column":16}},"loc":{"start":{"line":86,"column":16},"end":{"line":90,"column":3}}},"7":{"name":"(anonymous_7)","decl":{"start":{"line":93,"column":2},"end":{"line":93,"column":16}},"loc":{"start":{"line":93,"column":16},"end":{"line":96,"column":3}}},"8":{"name":"(anonymous_8)","decl":{"start":{"line":99,"column":2},"end":{"line":99,"column":16}},"loc":{"start":{"line":99,"column":16},"end":{"line":101,"column":3}}},"9":{"name":"(anonymous_9)","decl":{"start":{"line":107,"column":2},"end":{"line":107,"column":15}},"loc":{"start":{"line":107,"column":34},"end":{"line":113,"column":3}}},"10":{"name":"(anonymous_10)","decl":{"start":{"line":116,"column":2},"end":{"line":116,"column":17}},"loc":{"start":{"line":116,"column":17},"end":{"line":118,"column":3}}},"11":{"name":"(anonymous_11)","decl":{"start":{"line":124,"column":2},"end":{"line":124,"column":10}},"loc":{"start":{"line":124,"column":24},"end":{"line":130,"column":3}}},"12":{"name":"(anonymous_12)","decl":{"start":{"line":133,"column":2},"end":{"line":133,"column":12}},"loc":{"start":{"line":133,"column":12},"end":{"line":135,"column":3}}},"13":{"name":"(anonymous_13)","decl":{"start":{"line":138,"column":2},"end":{"line":138,"column":10}},"loc":{"start":{"line":138,"column":10},"end":{"line":145,"column":3}}},"14":{"name":"(anonymous_14)","decl":{"start":{"line":154,"column":2},"end":{"line":154,"column":8}},"loc":{"start":{"line":154,"column":35},"end":{"line":174,"column":3}}},"15":{"name":"(anonymous_15)","decl":{"start":{"line":177,"column":2},"end":{"line":177,"column":8}},"loc":{"start":{"line":177,"column":8},"end":{"line":179,"column":3}}},"16":{"name":"(anonymous_16)","decl":{"start":{"line":188,"column":2},"end":{"line":188,"column":8}},"loc":{"start":{"line":188,"column":63},"end":{"line":190,"column":3}}}},"branchMap":{"0":{"loc":{"start":{"line":72,"column":4},"end":{"line":72,"column":21}},"type":"default-arg","locations":[{"start":{"line":72,"column":20},"end":{"line":72,"column":21}}]},"1":{"loc":{"start":{"line":73,"column":4},"end":{"line":73,"column":21}},"type":"default-arg","locations":[{"start":{"line":73,"column":20},"end":{"line":73,"column":21}}]},"2":{"loc":{"start":{"line":74,"column":4},"end":{"line":74,"column":21}},"type":"default-arg","locations":[{"start":{"line":74,"column":20},"end":{"line":74,"column":21}}]},"3":{"loc":{"start":{"line":75,"column":4},"end":{"line":75,"column":29}},"type":"default-arg","locations":[{"start":{"line":75,"column":25},"end":{"line":75,"column":29}}]},"4":{"loc":{"start":{"line":76,"column":4},"end":{"line":76,"column":24}},"type":"default-arg","locations":[{"start":{"line":76,"column":20},"end":{"line":76,"column":24}}]},"5":{"loc":{"start":{"line":108,"column":4},"end":{"line":111,"column":8}},"type":"if","locations":[{"start":{"line":108,"column":4},"end":{"line":111,"column":8}}]},"6":{"loc":{"start":{"line":125,"column":4},"end":{"line":128,"column":8}},"type":"if","locations":[{"start":{"line":125,"column":4},"end":{"line":128,"column":8}}]},"7":{"loc":{"start":{"line":141,"column":4},"end":{"line":141,"column":60}},"type":"if","locations":[{"start":{"line":141,"column":4},"end":{"line":141,"column":60}}]},"8":{"loc":{"start":{"line":142,"column":4},"end":{"line":142,"column":50}},"type":"if","locations":[{"start":{"line":142,"column":4},"end":{"line":142,"column":50}}]},"9":{"loc":{"start":{"line":159,"column":4},"end":{"line":163,"column":null}},"type":"if","locations":[{"start":{"line":159,"column":4},"end":{"line":163,"column":null}}]}},"s":{"0":2,"1":33,"2":33,"3":33,"4":33,"5":33,"6":18,"7":16,"8":14,"9":8,"10":8,"11":6,"12":6,"13":6,"14":2,"15":2,"16":2,"17":7,"18":1,"19":6,"20":7,"21":7,"22":1,"23":6,"24":7,"25":7,"26":7,"27":2,"28":7,"29":2,"30":7,"31":3,"32":3,"33":3,"34":1,"35":2,"36":2,"37":2,"38":1,"39":2},"f":{"0":33,"1":18,"2":16,"3":14,"4":8,"5":8,"6":6,"7":2,"8":2,"9":7,"10":7,"11":7,"12":7,"13":7,"14":3,"15":2,"16":1},"b":{"0":[29],"1":[29],"2":[29],"3":[30],"4":[30],"5":[1],"6":[1],"7":[2],"8":[2],"9":[1]}}
,"H:\\git\\versioning\\src\\VersionManager.ts": {"path":"H:\\git\\versioning\\src\\VersionManager.ts","statementMap":{"0":{"start":{"line":23,"column":4},"end":{"line":23,"column":75}},"1":{"start":{"line":23,"column":18},"end":{"line":23,"column":75}},"2":{"start":{"line":24,"column":4},"end":{"line":24,"column":28}},"3":{"start":{"line":29,"column":4},"end":{"line":39,"column":null}},"4":{"start":{"line":31,"column":8},"end":{"line":31,"column":39}},"5":{"start":{"line":32,"column":8},"end":{"line":32,"column":14}},"6":{"start":{"line":34,"column":8},"end":{"line":34,"column":39}},"7":{"start":{"line":35,"column":8},"end":{"line":35,"column":14}},"8":{"start":{"line":37,"column":8},"end":{"line":37,"column":39}},"9":{"start":{"line":38,"column":8},"end":{"line":38,"column":14}},"10":{"start":{"line":41,"column":4},"end":{"line":45,"column":null}},"11":{"start":{"line":42,"column":6},"end":{"line":42,"column":46}},"12":{"start":{"line":44,"column":6},"end":{"line":44,"column":38}},"13":{"start":{"line":47,"column":4},"end":{"line":51,"column":null}},"14":{"start":{"line":48,"column":6},"end":{"line":48,"column":36}},"15":{"start":{"line":50,"column":6},"end":{"line":50,"column":33}},"16":{"start":{"line":10,"column":0},"end":{"line":10,"column":13}}},"fnMap":{"0":{"name":"(anonymous_0)","decl":{"start":{"line":22,"column":2},"end":{"line":22,"column":14}},"loc":{"start":{"line":22,"column":31},"end":{"line":25,"column":3}}},"1":{"name":"(anonymous_1)","decl":{"start":{"line":28,"column":2},"end":{"line":28,"column":8}},"loc":{"start":{"line":28,"column":62},"end":{"line":52,"column":3}}}},"branchMap":{"0":{"loc":{"start":{"line":23,"column":4},"end":{"line":23,"column":75}},"type":"if","locations":[{"start":{"line":23,"column":4},"end":{"line":23,"column":75}}]},"1":{"loc":{"start":{"line":29,"column":4},"end":{"line":39,"column":null}},"type":"switch","locations":[{"start":{"line":30,"column":6},"end":{"line":32,"column":14}},{"start":{"line":33,"column":6},"end":{"line":35,"column":14}},{"start":{"line":36,"column":6},"end":{"line":38,"column":14}}]},"2":{"loc":{"start":{"line":41,"column":4},"end":{"line":45,"column":null}},"type":"if","locations":[{"start":{"line":41,"column":4},"end":{"line":45,"column":null}},{"start":{"line":43,"column":11},"end":{"line":45,"column":null}}]},"3":{"loc":{"start":{"line":47,"column":4},"end":{"line":51,"column":null}},"type":"if","locations":[{"start":{"line":47,"column":4},"end":{"line":51,"column":null}},{"start":{"line":49,"column":11},"end":{"line":51,"column":null}}]}},"s":{"0":8,"1":1,"2":7,"3":7,"4":5,"5":5,"6":1,"7":1,"8":1,"9":1,"10":7,"11":1,"12":6,"13":7,"14":1,"15":6,"16":2},"f":{"0":8,"1":7},"b":{"0":[1],"1":[5,1,1],"2":[1,6],"3":[1,6]}}
,"H:\\git\\versioning\\src\\index.ts": {"path":"H:\\git\\versioning\\src\\index.ts","statementMap":{"0":{"start":{"line":1,"column":0},"end":{"line":1,"column":29}},"1":{"start":{"line":2,"column":0},"end":{"line":2,"column":26}},"2":{"start":{"line":3,"column":0},"end":{"line":3,"column":33}},"3":{"start":{"line":4,"column":0},"end":{"line":4,"column":29}}},"fnMap":{},"branchMap":{},"s":{"0":2,"1":2,"2":2,"3":2},"f":{},"b":{}}
,"H:\\git\\versioning\\src\\interfaces\\index.ts": {"path":"H:\\git\\versioning\\src\\interfaces\\index.ts","statementMap":{"0":{"start":{"line":1,"column":0},"end":{"line":1,"column":27}},"1":{"start":{"line":2,"column":0},"end":{"line":2,"column":34}}},"fnMap":{},"branchMap":{},"s":{"0":2,"1":2},"f":{},"b":{}}
}
