{"C:\\git\\perso\\versioning\\src\\UpdatesTypes.ts": {"path":"C:\\git\\perso\\versioning\\src\\UpdatesTypes.ts","statementMap":{"0":{"start":{"line":4,"column":0},"end":{"line":4,"column":null}},"1":{"start":{"line":5,"column":2},"end":{"line":5,"column":null}},"2":{"start":{"line":6,"column":2},"end":{"line":6,"column":null}},"3":{"start":{"line":7,"column":2},"end":{"line":7,"column":null}}},"fnMap":{"0":{"name":"(anonymous_0)","decl":{"start":{"line":4,"column":0},"end":{"line":4,"column":12}},"loc":{"start":{"line":4,"column":23},"end":{"line":8,"column":1}}}},"branchMap":{"0":{"loc":{"start":{"line":4,"column":12},"end":{"line":4,"column":null}},"type":"binary-expr","locations":[{"start":{"line":4,"column":12},"end":{"line":4,"column":23}},{"start":{"line":4,"column":12},"end":{"line":4,"column":null}}]}},"s":{"0":2,"1":2,"2":2,"3":2},"f":{"0":2},"b":{"0":[2,2]}}
,"C:\\git\\perso\\versioning\\src\\Version.ts": {"path":"C:\\git\\perso\\versioning\\src\\Version.ts","statementMap":{"0":{"start":{"line":3,"column":0},"end":{"line":3,"column":45}},"1":{"start":{"line":5,"column":42},"end":{"line":5,"column":56}},"2":{"start":{"line":6,"column":26},"end":{"line":6,"column":27}},"3":{"start":{"line":15,"column":2},"end":{"line":15,"column":17}},"4":{"start":{"line":16,"column":2},"end":{"line":16,"column":17}},"5":{"start":{"line":17,"column":2},"end":{"line":17,"column":17}},"6":{"start":{"line":18,"column":2},"end":{"line":18,"column":29}},"7":{"start":{"line":19,"column":2},"end":{"line":19,"column":24}},"8":{"start":{"line":36,"column":4},"end":{"line":36,"column":24}},"9":{"start":{"line":37,"column":4},"end":{"line":37,"column":24}},"10":{"start":{"line":38,"column":4},"end":{"line":38,"column":24}},"11":{"start":{"line":39,"column":4},"end":{"line":39,"column":42}},"12":{"start":{"line":40,"column":4},"end":{"line":40,"column":32}},"13":{"start":{"line":42,"column":4},"end":{"line":45,"column":7}},"14":{"start":{"line":43,"column":17},"end":{"line":43,"column":28}},"15":{"start":{"line":46,"column":4},"end":{"line":49,"column":7}},"16":{"start":{"line":47,"column":17},"end":{"line":47,"column":28}},"17":{"start":{"line":50,"column":4},"end":{"line":53,"column":7}},"18":{"start":{"line":51,"column":17},"end":{"line":51,"column":28}},"19":{"start":{"line":54,"column":4},"end":{"line":57,"column":7}},"20":{"start":{"line":55,"column":17},"end":{"line":55,"column":33}},"21":{"start":{"line":58,"column":4},"end":{"line":61,"column":7}},"22":{"start":{"line":59,"column":17},"end":{"line":59,"column":28}},"23":{"start":{"line":70,"column":4},"end":{"line":70,"column":23}},"24":{"start":{"line":79,"column":4},"end":{"line":79,"column":23}},"25":{"start":{"line":88,"column":4},"end":{"line":88,"column":23}},"26":{"start":{"line":97,"column":4},"end":{"line":97,"column":28}},"27":{"start":{"line":106,"column":4},"end":{"line":106,"column":23}},"28":{"start":{"line":111,"column":4},"end":{"line":111,"column":18}},"29":{"start":{"line":112,"column":4},"end":{"line":112,"column":36}},"30":{"start":{"line":113,"column":4},"end":{"line":113,"column":36}},"31":{"start":{"line":118,"column":4},"end":{"line":118,"column":18}},"32":{"start":{"line":119,"column":4},"end":{"line":119,"column":36}},"33":{"start":{"line":124,"column":4},"end":{"line":124,"column":18}},"34":{"start":{"line":132,"column":4},"end":{"line":135,"column":8}},"35":{"start":{"line":133,"column":6},"end":{"line":135,"column":8}},"36":{"start":{"line":136,"column":4},"end":{"line":136,"column":34}},"37":{"start":{"line":141,"column":4},"end":{"line":141,"column":28}},"38":{"start":{"line":149,"column":4},"end":{"line":152,"column":8}},"39":{"start":{"line":150,"column":6},"end":{"line":152,"column":8}},"40":{"start":{"line":153,"column":4},"end":{"line":153,"column":24}},"41":{"start":{"line":158,"column":4},"end":{"line":158,"column":23}},"42":{"start":{"line":163,"column":18},"end":{"line":163,"column":64}},"43":{"start":{"line":165,"column":4},"end":{"line":165,"column":60}},"44":{"start":{"line":165,"column":26},"end":{"line":165,"column":60}},"45":{"start":{"line":166,"column":4},"end":{"line":166,"column":50}},"46":{"start":{"line":166,"column":21},"end":{"line":166,"column":50}},"47":{"start":{"line":168,"column":4},"end":{"line":168,"column":19}},"48":{"start":{"line":180,"column":6},"end":{"line":180,"column":73}},"49":{"start":{"line":181,"column":18},"end":{"line":181,"column":47}},"50":{"start":{"line":183,"column":4},"end":{"line":187,"column":null}},"51":{"start":{"line":184,"column":6},"end":{"line":186,"column":8}},"52":{"start":{"line":189,"column":56},"end":{"line":189,"column":69}},"53":{"start":{"line":191,"column":4},"end":{"line":197,"column":6}},"54":{"start":{"line":202,"column":4},"end":{"line":202,"column":27}},"55":{"start":{"line":213,"column":4},"end":{"line":213,"column":37}},"56":{"start":{"line":222,"column":4},"end":{"line":232,"column":null}},"57":{"start":{"line":224,"column":8},"end":{"line":224,"column":30}},"58":{"start":{"line":225,"column":8},"end":{"line":225,"column":14}},"59":{"start":{"line":227,"column":8},"end":{"line":227,"column":30}},"60":{"start":{"line":228,"column":8},"end":{"line":228,"column":14}},"61":{"start":{"line":230,"column":8},"end":{"line":230,"column":30}},"62":{"start":{"line":231,"column":8},"end":{"line":231,"column":14}},"63":{"start":{"line":234,"column":4},"end":{"line":238,"column":null}},"64":{"start":{"line":235,"column":6},"end":{"line":235,"column":37}},"65":{"start":{"line":237,"column":6},"end":{"line":237,"column":29}},"66":{"start":{"line":240,"column":4},"end":{"line":244,"column":null}},"67":{"start":{"line":241,"column":6},"end":{"line":241,"column":27}},"68":{"start":{"line":243,"column":6},"end":{"line":243,"column":24}},"69":{"start":{"line":14,"column":0},"end":{"line":14,"column":13}}},"fnMap":{"0":{"name":"(anonymous_2)","decl":{"start":{"line":29,"column":2},"end":{"line":29,"column":null}},"loc":{"start":{"line":34,"column":25},"end":{"line":62,"column":3}}},"1":{"name":"(anonymous_3)","decl":{"start":{"line":43,"column":11},"end":{"line":43,"column":14}},"loc":{"start":{"line":43,"column":17},"end":{"line":43,"column":28}}},"2":{"name":"(anonymous_4)","decl":{"start":{"line":47,"column":11},"end":{"line":47,"column":14}},"loc":{"start":{"line":47,"column":17},"end":{"line":47,"column":28}}},"3":{"name":"(anonymous_5)","decl":{"start":{"line":51,"column":11},"end":{"line":51,"column":14}},"loc":{"start":{"line":51,"column":17},"end":{"line":51,"column":28}}},"4":{"name":"(anonymous_6)","decl":{"start":{"line":55,"column":11},"end":{"line":55,"column":14}},"loc":{"start":{"line":55,"column":17},"end":{"line":55,"column":33}}},"5":{"name":"(anonymous_7)","decl":{"start":{"line":59,"column":11},"end":{"line":59,"column":14}},"loc":{"start":{"line":59,"column":17},"end":{"line":59,"column":28}}},"6":{"name":"(anonymous_8)","decl":{"start":{"line":69,"column":2},"end":{"line":69,"column":6}},"loc":{"start":{"line":69,"column":11},"end":{"line":71,"column":3}}},"7":{"name":"(anonymous_9)","decl":{"start":{"line":78,"column":2},"end":{"line":78,"column":6}},"loc":{"start":{"line":78,"column":11},"end":{"line":80,"column":3}}},"8":{"name":"(anonymous_10)","decl":{"start":{"line":87,"column":2},"end":{"line":87,"column":6}},"loc":{"start":{"line":87,"column":11},"end":{"line":89,"column":3}}},"9":{"name":"(anonymous_11)","decl":{"start":{"line":96,"column":2},"end":{"line":96,"column":6}},"loc":{"start":{"line":96,"column":16},"end":{"line":98,"column":3}}},"10":{"name":"(anonymous_12)","decl":{"start":{"line":105,"column":2},"end":{"line":105,"column":6}},"loc":{"start":{"line":105,"column":11},"end":{"line":107,"column":3}}},"11":{"name":"(anonymous_13)","decl":{"start":{"line":110,"column":2},"end":{"line":110,"column":16}},"loc":{"start":{"line":110,"column":16},"end":{"line":114,"column":3}}},"12":{"name":"(anonymous_14)","decl":{"start":{"line":117,"column":2},"end":{"line":117,"column":16}},"loc":{"start":{"line":117,"column":16},"end":{"line":120,"column":3}}},"13":{"name":"(anonymous_15)","decl":{"start":{"line":123,"column":2},"end":{"line":123,"column":16}},"loc":{"start":{"line":123,"column":16},"end":{"line":125,"column":3}}},"14":{"name":"(anonymous_16)","decl":{"start":{"line":131,"column":2},"end":{"line":131,"column":15}},"loc":{"start":{"line":131,"column":34},"end":{"line":137,"column":3}}},"15":{"name":"(anonymous_17)","decl":{"start":{"line":140,"column":2},"end":{"line":140,"column":17}},"loc":{"start":{"line":140,"column":17},"end":{"line":142,"column":3}}},"16":{"name":"(anonymous_18)","decl":{"start":{"line":148,"column":2},"end":{"line":148,"column":10}},"loc":{"start":{"line":148,"column":24},"end":{"line":154,"column":3}}},"17":{"name":"(anonymous_19)","decl":{"start":{"line":157,"column":2},"end":{"line":157,"column":12}},"loc":{"start":{"line":157,"column":12},"end":{"line":159,"column":3}}},"18":{"name":"(anonymous_20)","decl":{"start":{"line":162,"column":2},"end":{"line":162,"column":10}},"loc":{"start":{"line":162,"column":10},"end":{"line":169,"column":3}}},"19":{"name":"(anonymous_21)","decl":{"start":{"line":178,"column":2},"end":{"line":178,"column":8}},"loc":{"start":{"line":178,"column":35},"end":{"line":198,"column":3}}},"20":{"name":"(anonymous_22)","decl":{"start":{"line":201,"column":2},"end":{"line":201,"column":8}},"loc":{"start":{"line":201,"column":8},"end":{"line":203,"column":3}}},"21":{"name":"(anonymous_23)","decl":{"start":{"line":212,"column":2},"end":{"line":212,"column":8}},"loc":{"start":{"line":212,"column":63},"end":{"line":214,"column":3}}},"22":{"name":"(anonymous_24)","decl":{"start":{"line":217,"column":2},"end":{"line":217,"column":8}},"loc":{"start":{"line":220,"column":25},"end":{"line":245,"column":3}}}},"branchMap":{"0":{"loc":{"start":{"line":30,"column":4},"end":{"line":30,"column":21}},"type":"default-arg","locations":[{"start":{"line":30,"column":20},"end":{"line":30,"column":21}}]},"1":{"loc":{"start":{"line":31,"column":4},"end":{"line":31,"column":21}},"type":"default-arg","locations":[{"start":{"line":31,"column":20},"end":{"line":31,"column":21}}]},"2":{"loc":{"start":{"line":32,"column":4},"end":{"line":32,"column":21}},"type":"default-arg","locations":[{"start":{"line":32,"column":20},"end":{"line":32,"column":21}}]},"3":{"loc":{"start":{"line":39,"column":23},"end":{"line":39,"column":41}},"type":"binary-expr","locations":[{"start":{"line":39,"column":23},"end":{"line":39,"column":33}},{"start":{"line":39,"column":37},"end":{"line":39,"column":41}}]},"4":{"loc":{"start":{"line":40,"column":18},"end":{"line":40,"column":31}},"type":"binary-expr","locations":[{"start":{"line":40,"column":18},"end":{"line":40,"column":23}},{"start":{"line":40,"column":27},"end":{"line":40,"column":31}}]},"5":{"loc":{"start":{"line":132,"column":4},"end":{"line":135,"column":8}},"type":"if","locations":[{"start":{"line":132,"column":4},"end":{"line":135,"column":8}}]},"6":{"loc":{"start":{"line":149,"column":4},"end":{"line":152,"column":8}},"type":"if","locations":[{"start":{"line":149,"column":4},"end":{"line":152,"column":8}}]},"7":{"loc":{"start":{"line":165,"column":4},"end":{"line":165,"column":60}},"type":"if","locations":[{"start":{"line":165,"column":4},"end":{"line":165,"column":60}}]},"8":{"loc":{"start":{"line":166,"column":4},"end":{"line":166,"column":50}},"type":"if","locations":[{"start":{"line":166,"column":4},"end":{"line":166,"column":50}}]},"9":{"loc":{"start":{"line":183,"column":4},"end":{"line":187,"column":null}},"type":"if","locations":[{"start":{"line":183,"column":4},"end":{"line":187,"column":null}}]},"10":{"loc":{"start":{"line":222,"column":4},"end":{"line":232,"column":null}},"type":"switch","locations":[{"start":{"line":223,"column":6},"end":{"line":225,"column":14}},{"start":{"line":226,"column":6},"end":{"line":228,"column":14}},{"start":{"line":229,"column":6},"end":{"line":231,"column":14}}]},"11":{"loc":{"start":{"line":234,"column":4},"end":{"line":238,"column":null}},"type":"if","locations":[{"start":{"line":234,"column":4},"end":{"line":238,"column":null}},{"start":{"line":236,"column":11},"end":{"line":238,"column":null}}]},"12":{"loc":{"start":{"line":240,"column":4},"end":{"line":244,"column":null}},"type":"if","locations":[{"start":{"line":240,"column":4},"end":{"line":244,"column":null}},{"start":{"line":242,"column":11},"end":{"line":244,"column":null}}]}},"s":{"0":2,"1":2,"2":2,"3":46,"4":46,"5":46,"6":46,"7":46,"8":46,"9":46,"10":46,"11":46,"12":46,"13":46,"14":34,"15":46,"16":31,"17":46,"18":28,"19":46,"20":21,"21":46,"22":21,"23":0,"24":0,"25":0,"26":0,"27":0,"28":11,"29":11,"30":11,"31":3,"32":3,"33":3,"34":9,"35":1,"36":8,"37":13,"38":9,"39":1,"40":8,"41":13,"42":7,"43":7,"44":2,"45":7,"46":2,"47":7,"48":3,"49":3,"50":3,"51":1,"52":2,"53":2,"54":2,"55":1,"56":14,"57":10,"58":10,"59":2,"60":2,"61":2,"62":2,"63":14,"64":2,"65":12,"66":14,"67":2,"68":12,"69":2},"f":{"0":46,"1":34,"2":31,"3":28,"4":21,"5":21,"6":0,"7":0,"8":0,"9":0,"10":0,"11":11,"12":3,"13":3,"14":9,"15":13,"16":9,"17":13,"18":7,"19":3,"20":2,"21":1,"22":14},"b":{"0":[37],"1":[37],"2":[37],"3":[46,42],"4":[46,42],"5":[1],"6":[1],"7":[2],"8":[2],"9":[1],"10":[10,2,2],"11":[2,12],"12":[2,12]}}
,"C:\\git\\perso\\versioning\\src\\VersionManager.ts": {"path":"C:\\git\\perso\\versioning\\src\\VersionManager.ts","statementMap":{"0":{"start":{"line":24,"column":4},"end":{"line":24,"column":75}},"1":{"start":{"line":24,"column":18},"end":{"line":24,"column":75}},"2":{"start":{"line":25,"column":4},"end":{"line":25,"column":28}},"3":{"start":{"line":36,"column":4},"end":{"line":36,"column":50}},"4":{"start":{"line":11,"column":0},"end":{"line":11,"column":13}}},"fnMap":{"0":{"name":"(anonymous_0)","decl":{"start":{"line":23,"column":2},"end":{"line":23,"column":14}},"loc":{"start":{"line":23,"column":38},"end":{"line":26,"column":3}}},"1":{"name":"(anonymous_1)","decl":{"start":{"line":31,"column":2},"end":{"line":31,"column":8}},"loc":{"start":{"line":34,"column":25},"end":{"line":37,"column":3}}}},"branchMap":{"0":{"loc":{"start":{"line":24,"column":4},"end":{"line":24,"column":75}},"type":"if","locations":[{"start":{"line":24,"column":4},"end":{"line":24,"column":75}}]}},"s":{"0":8,"1":1,"2":7,"3":7,"4":2},"f":{"0":8,"1":7},"b":{"0":[1]}}
,"C:\\git\\perso\\versioning\\src\\index.ts": {"path":"C:\\git\\perso\\versioning\\src\\index.ts","statementMap":{"0":{"start":{"line":1,"column":0},"end":{"line":1,"column":29}},"1":{"start":{"line":2,"column":0},"end":{"line":2,"column":26}},"2":{"start":{"line":3,"column":0},"end":{"line":3,"column":33}},"3":{"start":{"line":4,"column":0},"end":{"line":4,"column":29}},"4":{"start":{"line":5,"column":0},"end":{"line":5,"column":31}}},"fnMap":{},"branchMap":{},"s":{"0":2,"1":2,"2":2,"3":2,"4":2},"f":{},"b":{}}
,"C:\\git\\perso\\versioning\\src\\interfaces\\index.ts": {"path":"C:\\git\\perso\\versioning\\src\\interfaces\\index.ts","statementMap":{"0":{"start":{"line":1,"column":0},"end":{"line":1,"column":27}},"1":{"start":{"line":2,"column":0},"end":{"line":2,"column":34}}},"fnMap":{},"branchMap":{},"s":{"0":2,"1":2},"f":{},"b":{}}
}
