TN:
SF:src\UpdatesTypes.ts
FN:4,(anonymous_0)
FNF:1
FNH:1
FNDA:2,(anonymous_0)
DA:4,2
DA:5,2
DA:6,2
DA:7,2
LF:4
LH:4
BRDA:4,0,0,2
BRDA:4,0,1,2
BRF:2
BRH:2
end_of_record
TN:
SF:src\Version.ts
FN:74,(anonymous_0)
FN:26,(anonymous_1)
FN:35,(anonymous_2)
FN:44,(anonymous_3)
FN:53,(anonymous_4)
FN:62,(anonymous_5)
FN:89,(anonymous_6)
FN:96,(anonymous_7)
FN:102,(anonymous_8)
FN:110,(anonymous_9)
FN:119,(anonymous_10)
FN:127,(anonymous_11)
FN:136,(anonymous_12)
FN:141,(anonymous_13)
FN:157,(anonymous_14)
FN:180,(anonymous_15)
FN:191,(anonymous_16)
FN:196,(anonymous_17)
FNF:18
FNH:18
FNDA:40,(anonymous_0)
FNDA:24,(anonymous_1)
FNDA:21,(anonymous_2)
FNDA:18,(anonymous_3)
FNDA:11,(anonymous_4)
FNDA:11,(anonymous_5)
FNDA:11,(anonymous_6)
FNDA:3,(anonymous_7)
FNDA:3,(anonymous_8)
FNDA:9,(anonymous_9)
FNDA:13,(anonymous_10)
FNDA:9,(anonymous_11)
FNDA:13,(anonymous_12)
FNDA:7,(anonymous_13)
FNDA:3,(anonymous_14)
FNDA:2,(anonymous_15)
FNDA:1,(anonymous_16)
FNDA:14,(anonymous_17)
DA:3,2
DA:5,2
DA:6,2
DA:14,2
DA:27,24
DA:36,21
DA:45,18
DA:54,11
DA:63,11
DA:81,40
DA:82,40
DA:83,40
DA:84,40
DA:85,40
DA:90,11
DA:91,11
DA:92,11
DA:97,3
DA:98,3
DA:103,3
DA:111,9
DA:112,1
DA:115,8
DA:120,13
DA:128,9
DA:129,1
DA:132,8
DA:137,13
DA:142,7
DA:144,7
DA:145,7
DA:147,7
DA:159,3
DA:160,3
DA:162,3
DA:163,1
DA:168,2
DA:170,2
DA:181,2
DA:192,1
DA:197,14
DA:199,10
DA:200,10
DA:202,2
DA:203,2
DA:205,2
DA:206,2
DA:209,14
DA:210,2
DA:212,12
DA:215,14
DA:216,2
DA:218,12
LF:53
LH:53
BRDA:75,0,0,36
BRDA:76,1,0,36
BRDA:77,2,0,36
BRDA:78,3,0,37
BRDA:79,4,0,37
BRDA:111,5,0,1
BRDA:128,6,0,1
BRDA:144,7,0,2
BRDA:145,8,0,2
BRDA:162,9,0,1
BRDA:197,10,0,10
BRDA:197,10,1,2
BRDA:197,10,2,2
BRDA:209,11,0,2
BRDA:209,11,1,12
BRDA:215,12,0,2
BRDA:215,12,1,12
BRF:17
BRH:17
end_of_record
TN:
SF:src\VersionManager.ts
FN:23,(anonymous_0)
FN:31,(anonymous_1)
FNF:2
FNH:2
FNDA:8,(anonymous_0)
FNDA:7,(anonymous_1)
DA:11,2
DA:24,8
DA:25,7
DA:32,7
LF:4
LH:4
BRDA:24,0,0,1
BRF:1
BRH:1
end_of_record
TN:
SF:src\index.ts
FNF:0
FNH:0
DA:1,2
DA:2,2
DA:3,2
DA:4,2
DA:5,2
LF:5
LH:5
BRF:0
BRH:0
end_of_record
TN:
SF:src\interfaces\index.ts
FNF:0
FNH:0
DA:1,2
DA:2,2
LF:2
LH:2
BRF:0
BRH:0
end_of_record
