TN:
SF:src\Version.ts
FN:71,(anonymous_0)
FN:23,(anonymous_1)
FN:32,(anonymous_2)
FN:41,(anonymous_3)
FN:50,(anonymous_4)
FN:59,(anonymous_5)
FN:86,(anonymous_6)
FN:93,(anonymous_7)
FN:99,(anonymous_8)
FN:107,(anonymous_9)
FN:116,(anonymous_10)
FN:124,(anonymous_11)
FN:133,(anonymous_12)
FN:138,(anonymous_13)
FN:154,(anonymous_14)
FN:177,(anonymous_15)
FN:188,(anonymous_16)
FNF:17
FNH:17
FNDA:33,(anonymous_0)
FNDA:18,(anonymous_1)
FNDA:16,(anonymous_2)
FNDA:14,(anonymous_3)
FNDA:8,(anonymous_4)
FNDA:8,(anonymous_5)
FNDA:6,(anonymous_6)
FNDA:2,(anonymous_7)
FNDA:2,(anonymous_8)
FNDA:7,(anonymous_9)
FNDA:7,(anonymous_10)
FNDA:7,(anonymous_11)
FNDA:7,(anonymous_12)
FNDA:7,(anonymous_13)
FNDA:3,(anonymous_14)
FNDA:2,(anonymous_15)
FNDA:1,(anonymous_16)
DA:3,2
DA:11,2
DA:24,18
DA:33,16
DA:42,14
DA:51,8
DA:60,8
DA:78,33
DA:79,33
DA:80,33
DA:81,33
DA:82,33
DA:87,6
DA:88,6
DA:89,6
DA:94,2
DA:95,2
DA:100,2
DA:108,7
DA:109,1
DA:112,6
DA:117,7
DA:125,7
DA:126,1
DA:129,6
DA:134,7
DA:139,7
DA:141,7
DA:142,7
DA:144,7
DA:156,3
DA:157,3
DA:159,3
DA:160,1
DA:165,2
DA:167,2
DA:178,2
DA:189,1
LF:38
LH:38
BRDA:72,0,0,29
BRDA:73,1,0,29
BRDA:74,2,0,29
BRDA:75,3,0,30
BRDA:76,4,0,30
BRDA:108,5,0,1
BRDA:125,6,0,1
BRDA:141,7,0,2
BRDA:142,8,0,2
BRDA:159,9,0,1
BRF:10
BRH:10
end_of_record
TN:
SF:src\VersionManager.ts
FN:22,(anonymous_0)
FN:28,(anonymous_1)
FNF:2
FNH:2
FNDA:8,(anonymous_0)
FNDA:7,(anonymous_1)
DA:10,2
DA:23,8
DA:24,7
DA:29,7
DA:31,5
DA:32,5
DA:34,1
DA:35,1
DA:37,1
DA:38,1
DA:41,7
DA:42,1
DA:44,6
DA:47,7
DA:48,1
DA:50,6
LF:16
LH:16
BRDA:23,0,0,1
BRDA:29,1,0,5
BRDA:29,1,1,1
BRDA:29,1,2,1
BRDA:41,2,0,1
BRDA:41,2,1,6
BRDA:47,3,0,1
BRDA:47,3,1,6
BRF:8
BRH:8
end_of_record
TN:
SF:src\index.ts
FNF:0
FNH:0
DA:1,2
DA:2,2
DA:3,2
DA:4,2
LF:4
LH:4
BRF:0
BRH:0
end_of_record
TN:
SF:src\interfaces\index.ts
FNF:0
FNH:0
DA:1,2
DA:2,2
LF:2
LH:2
BRF:0
BRH:0
end_of_record
